Traceback (most recent call last):
  File "/Users/calmurgu/Library/Python/3.8/lib/python/site-packages/jupyter_cache/executors/utils.py", line 51, in single_nb_execution
    executenb(
  File "/Users/calmurgu/Library/Python/3.8/lib/python/site-packages/nbclient/client.py", line 1085, in execute
    return NotebookClient(nb=nb, resources=resources, km=km, **kwargs).execute()
  File "/Users/calmurgu/Library/Python/3.8/lib/python/site-packages/nbclient/util.py", line 84, in wrapped
    return just_run(coro(*args, **kwargs))
  File "/Users/calmurgu/Library/Python/3.8/lib/python/site-packages/nbclient/util.py", line 62, in just_run
    return loop.run_until_complete(coro)
  File "/Library/Developer/CommandLineTools/Library/Frameworks/Python3.framework/Versions/3.8/lib/python3.8/asyncio/base_events.py", line 616, in run_until_complete
    return future.result()
  File "/Users/calmurgu/Library/Python/3.8/lib/python/site-packages/nbclient/client.py", line 551, in async_execute
    await self.async_execute_cell(
  File "/Users/calmurgu/Library/Python/3.8/lib/python/site-packages/nbclient/client.py", line 846, in async_execute_cell
    self._check_raise_for_error(cell, exec_reply)
  File "/Users/calmurgu/Library/Python/3.8/lib/python/site-packages/nbclient/client.py", line 748, in _check_raise_for_error
    raise CellExecutionError.from_cell_and_msg(cell, exec_reply_content)
nbclient.exceptions.CellExecutionError: An error occurred while executing the following cell:
------------------
#reload original dataset
meme_data = pd.read_csv("https://raw.githubusercontent.com/BrockDSL/Analyzing_Web_Archives/main/memegenerator.csv", sep=",")
meme_data["Meme ID"] = meme_data["Meme ID"].astype(str)

#open CSV of language info and create a dataframe
lang_data = pd.read_csv("https://raw.githubusercontent.com/BrockDSL/Analyzing_Web_Archives/main/language_data.csv")

#language data from to meme_data dataframe
meme_data = meme_data.join(lang_data)
meme_data.sample(5)
------------------

[0;31m---------------------------------------------------------------------------[0m
[0;31mValueError[0m                                Traceback (most recent call last)
Input [0;32mIn [13][0m, in [0;36m<module>[0;34m[0m
[1;32m      6[0m lang_data [38;5;241m=[39m pd[38;5;241m.[39mread_csv([38;5;124m"[39m[38;5;124mhttps://raw.githubusercontent.com/BrockDSL/Analyzing_Web_Archives/main/language_data.csv[39m[38;5;124m"[39m)
[1;32m      8[0m [38;5;66;03m#language data from to meme_data dataframe[39;00m
[0;32m----> 9[0m meme_data [38;5;241m=[39m [43mmeme_data[49m[38;5;241;43m.[39;49m[43mjoin[49m[43m([49m[43mlang_data[49m[43m)[49m
[1;32m     10[0m meme_data[38;5;241m.[39msample([38;5;241m5[39m)

File [0;32m~/Library/Python/3.8/lib/python/site-packages/pandas/core/frame.py:9099[0m, in [0;36mDataFrame.join[0;34m(self, other, on, how, lsuffix, rsuffix, sort)[0m
[1;32m   8973[0m [38;5;28;01mdef[39;00m [38;5;21mjoin[39m(
[1;32m   8974[0m     [38;5;28mself[39m,
[1;32m   8975[0m     other: FrameOrSeriesUnion,
[0;32m   (...)[0m
[1;32m   8980[0m     sort: [38;5;28mbool[39m [38;5;241m=[39m [38;5;28;01mFalse[39;00m,
[1;32m   8981[0m ) [38;5;241m-[39m[38;5;241m>[39m DataFrame:
[1;32m   8982[0m     [38;5;124;03m"""[39;00m
[1;32m   8983[0m [38;5;124;03m    Join columns of another DataFrame.[39;00m
[1;32m   8984[0m 
[0;32m   (...)[0m
[1;32m   9097[0m [38;5;124;03m    5  K5  A5  NaN[39;00m
[1;32m   9098[0m [38;5;124;03m    """[39;00m
[0;32m-> 9099[0m     [38;5;28;01mreturn[39;00m [38;5;28;43mself[39;49m[38;5;241;43m.[39;49m[43m_join_compat[49m[43m([49m
[1;32m   9100[0m [43m        [49m[43mother[49m[43m,[49m[43m [49m[43mon[49m[38;5;241;43m=[39;49m[43mon[49m[43m,[49m[43m [49m[43mhow[49m[38;5;241;43m=[39;49m[43mhow[49m[43m,[49m[43m [49m[43mlsuffix[49m[38;5;241;43m=[39;49m[43mlsuffix[49m[43m,[49m[43m [49m[43mrsuffix[49m[38;5;241;43m=[39;49m[43mrsuffix[49m[43m,[49m[43m [49m[43msort[49m[38;5;241;43m=[39;49m[43msort[49m
[1;32m   9101[0m [43m    [49m[43m)[49m

File [0;32m~/Library/Python/3.8/lib/python/site-packages/pandas/core/frame.py:9130[0m, in [0;36mDataFrame._join_compat[0;34m(self, other, on, how, lsuffix, rsuffix, sort)[0m
[1;32m   9121[0m     [38;5;28;01mif[39;00m how [38;5;241m==[39m [38;5;124m"[39m[38;5;124mcross[39m[38;5;124m"[39m:
[1;32m   9122[0m         [38;5;28;01mreturn[39;00m merge(
[1;32m   9123[0m             [38;5;28mself[39m,
[1;32m   9124[0m             other,
[0;32m   (...)[0m
[1;32m   9128[0m             sort[38;5;241m=[39msort,
[1;32m   9129[0m         )
[0;32m-> 9130[0m     [38;5;28;01mreturn[39;00m [43mmerge[49m[43m([49m
[1;32m   9131[0m [43m        [49m[38;5;28;43mself[39;49m[43m,[49m
[1;32m   9132[0m [43m        [49m[43mother[49m[43m,[49m
[1;32m   9133[0m [43m        [49m[43mleft_on[49m[38;5;241;43m=[39;49m[43mon[49m[43m,[49m
[1;32m   9134[0m [43m        [49m[43mhow[49m[38;5;241;43m=[39;49m[43mhow[49m[43m,[49m
[1;32m   9135[0m [43m        [49m[43mleft_index[49m[38;5;241;43m=[39;49m[43mon[49m[43m [49m[38;5;129;43;01mis[39;49;00m[43m [49m[38;5;28;43;01mNone[39;49;00m[43m,[49m
[1;32m   9136[0m [43m        [49m[43mright_index[49m[38;5;241;43m=[39;49m[38;5;28;43;01mTrue[39;49;00m[43m,[49m
[1;32m   9137[0m [43m        [49m[43msuffixes[49m[38;5;241;43m=[39;49m[43m([49m[43mlsuffix[49m[43m,[49m[43m [49m[43mrsuffix[49m[43m)[49m[43m,[49m
[1;32m   9138[0m [43m        [49m[43msort[49m[38;5;241;43m=[39;49m[43msort[49m[43m,[49m
[1;32m   9139[0m [43m    [49m[43m)[49m
[1;32m   9140[0m [38;5;28;01melse[39;00m:
[1;32m   9141[0m     [38;5;28;01mif[39;00m on [38;5;129;01mis[39;00m [38;5;129;01mnot[39;00m [38;5;28;01mNone[39;00m:

File [0;32m~/Library/Python/3.8/lib/python/site-packages/pandas/core/reshape/merge.py:121[0m, in [0;36mmerge[0;34m(left, right, how, on, left_on, right_on, left_index, right_index, sort, suffixes, copy, indicator, validate)[0m
[1;32m     89[0m [38;5;129m@Substitution[39m([38;5;124m"[39m[38;5;130;01m\n[39;00m[38;5;124mleft : DataFrame or named Series[39m[38;5;124m"[39m)
[1;32m     90[0m [38;5;129m@Appender[39m(_merge_doc, indents[38;5;241m=[39m[38;5;241m0[39m)
[1;32m     91[0m [38;5;28;01mdef[39;00m [38;5;21mmerge[39m(
[0;32m   (...)[0m
[1;32m    104[0m     validate: [38;5;28mstr[39m [38;5;241m|[39m [38;5;28;01mNone[39;00m [38;5;241m=[39m [38;5;28;01mNone[39;00m,
[1;32m    105[0m ) [38;5;241m-[39m[38;5;241m>[39m DataFrame:
[1;32m    106[0m     op [38;5;241m=[39m _MergeOperation(
[1;32m    107[0m         left,
[1;32m    108[0m         right,
[0;32m   (...)[0m
[1;32m    119[0m         validate[38;5;241m=[39mvalidate,
[1;32m    120[0m     )
[0;32m--> 121[0m     [38;5;28;01mreturn[39;00m [43mop[49m[38;5;241;43m.[39;49m[43mget_result[49m[43m([49m[43m)[49m

File [0;32m~/Library/Python/3.8/lib/python/site-packages/pandas/core/reshape/merge.py:717[0m, in [0;36m_MergeOperation.get_result[0;34m(self)[0m
[1;32m    713[0m     [38;5;28mself[39m[38;5;241m.[39mleft, [38;5;28mself[39m[38;5;241m.[39mright [38;5;241m=[39m [38;5;28mself[39m[38;5;241m.[39m_indicator_pre_merge([38;5;28mself[39m[38;5;241m.[39mleft, [38;5;28mself[39m[38;5;241m.[39mright)
[1;32m    715[0m join_index, left_indexer, right_indexer [38;5;241m=[39m [38;5;28mself[39m[38;5;241m.[39m_get_join_info()
[0;32m--> 717[0m llabels, rlabels [38;5;241m=[39m [43m_items_overlap_with_suffix[49m[43m([49m
[1;32m    718[0m [43m    [49m[38;5;28;43mself[39;49m[38;5;241;43m.[39;49m[43mleft[49m[38;5;241;43m.[39;49m[43m_info_axis[49m[43m,[49m[43m [49m[38;5;28;43mself[39;49m[38;5;241;43m.[39;49m[43mright[49m[38;5;241;43m.[39;49m[43m_info_axis[49m[43m,[49m[43m [49m[38;5;28;43mself[39;49m[38;5;241;43m.[39;49m[43msuffixes[49m
[1;32m    719[0m [43m[49m[43m)[49m
[1;32m    721[0m lindexers [38;5;241m=[39m {[38;5;241m1[39m: left_indexer} [38;5;28;01mif[39;00m left_indexer [38;5;129;01mis[39;00m [38;5;129;01mnot[39;00m [38;5;28;01mNone[39;00m [38;5;28;01melse[39;00m {}
[1;32m    722[0m rindexers [38;5;241m=[39m {[38;5;241m1[39m: right_indexer} [38;5;28;01mif[39;00m right_indexer [38;5;129;01mis[39;00m [38;5;129;01mnot[39;00m [38;5;28;01mNone[39;00m [38;5;28;01melse[39;00m {}

File [0;32m~/Library/Python/3.8/lib/python/site-packages/pandas/core/reshape/merge.py:2314[0m, in [0;36m_items_overlap_with_suffix[0;34m(left, right, suffixes)[0m
[1;32m   2311[0m lsuffix, rsuffix [38;5;241m=[39m suffixes
[1;32m   2313[0m [38;5;28;01mif[39;00m [38;5;129;01mnot[39;00m lsuffix [38;5;129;01mand[39;00m [38;5;129;01mnot[39;00m rsuffix:
[0;32m-> 2314[0m     [38;5;28;01mraise[39;00m [38;5;167;01mValueError[39;00m([38;5;124mf[39m[38;5;124m"[39m[38;5;124mcolumns overlap but no suffix specified: [39m[38;5;132;01m{[39;00mto_rename[38;5;132;01m}[39;00m[38;5;124m"[39m)
[1;32m   2316[0m [38;5;28;01mdef[39;00m [38;5;21mrenamer[39m(x, suffix):
[1;32m   2317[0m     [38;5;124;03m"""[39;00m
[1;32m   2318[0m [38;5;124;03m    Rename the left and right indices.[39;00m
[1;32m   2319[0m 
[0;32m   (...)[0m
[1;32m   2330[0m [38;5;124;03m    x : renamed column name[39;00m
[1;32m   2331[0m [38;5;124;03m    """[39;00m

[0;31mValueError[0m: columns overlap but no suffix specified: Index(['Meme ID'], dtype='object')
ValueError: columns overlap but no suffix specified: Index(['Meme ID'], dtype='object')

